{"/home/jsamr/Programmation/react-native-typeskill/src/delta/DocumentDelta.ts": {"path":"/home/jsamr/Programmation/react-native-typeskill/src/delta/DocumentDelta.ts","statementMap":{"0":{"start":{"line":1,"column":42},"end":{"line":1,"column":97}},"1":{"start":{"line":1,"column":98},"end":{"line":1,"column":160}},"2":{"start":{"line":1,"column":160},"end":{"line":1,"column":194}},"3":{"start":{"line":1,"column":194},"end":{"line":1,"column":246}},"4":{"start":{"line":1,"column":246},"end":{"line":1,"column":314}},"5":{"start":{"line":1,"column":314},"end":{"line":1,"column":372}},"6":{"start":{"line":1,"column":372},"end":{"line":1,"column":440}},"7":{"start":{"line":1,"column":440},"end":{"line":1,"column":518}},"8":{"start":{"line":1,"column":518},"end":{"line":1,"column":564}},"9":{"start":{"line":1,"column":564},"end":{"line":1,"column":589}},"10":{"start":{"line":1,"column":611},"end":{"line":1,"column":682}},"11":{"start":{"line":1,"column":706},"end":{"line":1,"column":778}},"12":{"start":{"line":1,"column":805},"end":{"line":1,"column":880}},"13":{"start":{"line":1,"column":904},"end":{"line":1,"column":976}},"14":{"start":{"line":1,"column":997},"end":{"line":1,"column":1066}},"15":{"start":{"line":1,"column":1085},"end":{"line":1,"column":1131}},"16":{"start":{"line":4,"column":18},"end":{"line":4,"column":41}},"17":{"start":{"line":5,"column":12},"end":{"line":5,"column":60}},"18":{"start":{"line":6,"column":18},"end":{"line":6,"column":72}},"19":{"start":{"line":7,"column":14},"end":{"line":7,"column":64}},"20":{"start":{"line":9,"column":12},"end":{"line":9,"column":60}},"21":{"start":{"line":10,"column":13},"end":{"line":10,"column":62}},"22":{"start":{"line":11,"column":12},"end":{"line":11,"column":60}},"23":{"start":{"line":12,"column":15},"end":{"line":12,"column":66}},"24":{"start":{"line":13,"column":34},"end":{"line":13,"column":73}},"25":{"start":{"line":15,"column":24},"end":{"line":15,"column":53}},"26":{"start":{"line":24,"column":19},"end":{"line":24,"column":20}},"27":{"start":{"line":25,"column":18},"end":{"line":31,"column":15}},"28":{"start":{"line":26,"column":14},"end":{"line":26,"column":53}},"29":{"start":{"line":27,"column":21},"end":{"line":27,"column":37}},"30":{"start":{"line":28,"column":16},"end":{"line":28,"column":76}},"31":{"start":{"line":29,"column":4},"end":{"line":29,"column":28}},"32":{"start":{"line":30,"column":4},"end":{"line":30,"column":17}},"33":{"start":{"line":32,"column":2},"end":{"line":34,"column":3}},"34":{"start":{"line":33,"column":4},"end":{"line":33,"column":14}},"35":{"start":{"line":35,"column":2},"end":{"line":35,"column":55}},"36":{"start":{"line":39,"column":2},"end":{"line":39,"column":82}},"37":{"start":{"line":43,"column":2},"end":{"line":43,"column":120}},"38":{"start":{"line":43,"column":48},"end":{"line":43,"column":113}},"39":{"start":{"line":70,"column":2},"end":{"line":74,"column":23}},"40":{"start":{"line":71,"column":14},"end":{"line":71,"column":39}},"41":{"start":{"line":72,"column":14},"end":{"line":72,"column":27}},"42":{"start":{"line":73,"column":18},"end":{"line":73,"column":30}},"43":{"start":{"line":74,"column":12},"end":{"line":74,"column":22}},"44":{"start":{"line":79,"column":2},"end":{"line":81,"column":3}},"45":{"start":{"line":80,"column":4},"end":{"line":80,"column":26}},"46":{"start":{"line":82,"column":2},"end":{"line":82,"column":20}},"47":{"start":{"line":86,"column":2},"end":{"line":86,"column":48}},"48":{"start":{"line":90,"column":2},"end":{"line":90,"column":48}},"49":{"start":{"line":93,"column":72},"end":{"line":93,"column":97}},"50":{"start":{"line":93,"column":115},"end":{"line":93,"column":134}},"51":{"start":{"line":94,"column":2},"end":{"line":95,"column":77}},"52":{"start":{"line":98,"column":19},"end":{"line":98,"column":293}},"53":{"start":{"line":98,"column":51},"end":{"line":98,"column":149}},"54":{"start":{"line":98,"column":149},"end":{"line":98,"column":241}},"55":{"start":{"line":109,"column":16},"end":{"line":457,"column":34}},"56":{"start":{"line":109,"column":29},"end":{"line":113,"column":10}},"57":{"start":{"line":112,"column":6},"end":{"line":112,"column":28}},"58":{"start":{"line":117,"column":31},"end":{"line":117,"column":82}},"59":{"start":{"line":118,"column":4},"end":{"line":118,"column":114}},"60":{"start":{"line":119,"column":3},"end":{"line":457,"column":10}},"61":{"start":{"line":122,"column":6},"end":{"line":124,"column":7}},"62":{"start":{"line":123,"column":8},"end":{"line":123,"column":32}},"63":{"start":{"line":125,"column":6},"end":{"line":125,"column":63}},"64":{"start":{"line":128,"column":28},"end":{"line":128,"column":32}},"65":{"start":{"line":129,"column":16},"end":{"line":149,"column":9}},"66":{"start":{"line":130,"column":20},"end":{"line":130,"column":30}},"67":{"start":{"line":130,"column":42},"end":{"line":130,"column":55}},"68":{"start":{"line":130,"column":72},"end":{"line":130,"column":90}},"69":{"start":{"line":130,"column":114},"end":{"line":130,"column":139}},"70":{"start":{"line":131,"column":29},"end":{"line":131,"column":82}},"71":{"start":{"line":132,"column":8},"end":{"line":147,"column":9}},"72":{"start":{"line":133,"column":37},"end":{"line":133,"column":75}},"73":{"start":{"line":134,"column":10},"end":{"line":146,"column":11}},"74":{"start":{"line":135,"column":12},"end":{"line":137,"column":13}},"75":{"start":{"line":136,"column":14},"end":{"line":136,"column":149}},"76":{"start":{"line":138,"column":12},"end":{"line":145,"column":13}},"77":{"start":{"line":139,"column":43},"end":{"line":139,"column":110}},"78":{"start":{"line":140,"column":14},"end":{"line":144,"column":15}},"79":{"start":{"line":141,"column":30},"end":{"line":141,"column":156}},"80":{"start":{"line":142,"column":34},"end":{"line":142,"column":56}},"81":{"start":{"line":143,"column":16},"end":{"line":143,"column":139}},"82":{"start":{"line":148,"column":8},"end":{"line":148,"column":117}},"83":{"start":{"line":151,"column":6},"end":{"line":151,"column":96}},"84":{"start":{"line":155,"column":6},"end":{"line":155,"column":70}},"85":{"start":{"line":159,"column":6},"end":{"line":159,"column":111}},"86":{"start":{"line":163,"column":6},"end":{"line":163,"column":61}},"87":{"start":{"line":167,"column":6},"end":{"line":167,"column":46}},"88":{"start":{"line":176,"column":30},"end":{"line":176,"column":31}},"89":{"start":{"line":177,"column":25},"end":{"line":177,"column":55}},"90":{"start":{"line":178,"column":31},"end":{"line":178,"column":36}},"91":{"start":{"line":179,"column":6},"end":{"line":188,"column":9}},"92":{"start":{"line":180,"column":8},"end":{"line":182,"column":9}},"93":{"start":{"line":181,"column":10},"end":{"line":181,"column":49}},"94":{"start":{"line":183,"column":8},"end":{"line":183,"column":44}},"95":{"start":{"line":184,"column":8},"end":{"line":187,"column":9}},"96":{"start":{"line":185,"column":10},"end":{"line":185,"column":47}},"97":{"start":{"line":186,"column":10},"end":{"line":186,"column":36}},"98":{"start":{"line":189,"column":6},"end":{"line":189,"column":26}},"99":{"start":{"line":193,"column":27},"end":{"line":193,"column":88}},"100":{"start":{"line":194,"column":33},"end":{"line":194,"column":91}},"101":{"start":{"line":195,"column":27},"end":{"line":195,"column":99}},"102":{"start":{"line":196,"column":30},"end":{"line":196,"column":100}},"103":{"start":{"line":197,"column":31},"end":{"line":197,"column":124}},"104":{"start":{"line":198,"column":30},"end":{"line":198,"column":123}},"105":{"start":{"line":200,"column":18},"end":{"line":200,"column":43}},"106":{"start":{"line":201,"column":6},"end":{"line":241,"column":7}},"107":{"start":{"line":202,"column":28},"end":{"line":202,"column":151}},"108":{"start":{"line":203,"column":8},"end":{"line":203,"column":58}},"109":{"start":{"line":204,"column":8},"end":{"line":204,"column":94}},"110":{"start":{"line":205,"column":40},"end":{"line":205,"column":95}},"111":{"start":{"line":206,"column":38},"end":{"line":206,"column":93}},"112":{"start":{"line":207,"column":8},"end":{"line":223,"column":9}},"113":{"start":{"line":208,"column":10},"end":{"line":208,"column":26}},"114":{"start":{"line":209,"column":10},"end":{"line":218,"column":11}},"115":{"start":{"line":210,"column":12},"end":{"line":217,"column":13}},"116":{"start":{"line":211,"column":14},"end":{"line":215,"column":39}},"117":{"start":{"line":219,"column":10},"end":{"line":219,"column":89}},"118":{"start":{"line":220,"column":10},"end":{"line":220,"column":76}},"119":{"start":{"line":222,"column":10},"end":{"line":222,"column":54}},"120":{"start":{"line":224,"column":13},"end":{"line":241,"column":7}},"121":{"start":{"line":225,"column":26},"end":{"line":225,"column":150}},"122":{"start":{"line":226,"column":8},"end":{"line":226,"column":57}},"123":{"start":{"line":227,"column":42},"end":{"line":227,"column":156}},"124":{"start":{"line":228,"column":8},"end":{"line":240,"column":9}},"125":{"start":{"line":230,"column":10},"end":{"line":230,"column":26}},"126":{"start":{"line":231,"column":10},"end":{"line":231,"column":43}},"127":{"start":{"line":233,"column":10},"end":{"line":237,"column":33}},"128":{"start":{"line":239,"column":10},"end":{"line":239,"column":95}},"129":{"start":{"line":242,"column":6},"end":{"line":242,"column":52}},"130":{"start":{"line":246,"column":6},"end":{"line":246,"column":33}},"131":{"start":{"line":250,"column":6},"end":{"line":250,"column":104}},"132":{"start":{"line":254,"column":22},"end":{"line":254,"column":82}},"133":{"start":{"line":255,"column":28},"end":{"line":255,"column":29}},"134":{"start":{"line":256,"column":6},"end":{"line":270,"column":9}},"135":{"start":{"line":257,"column":35},"end":{"line":257,"column":50}},"136":{"start":{"line":258,"column":29},"end":{"line":258,"column":66}},"137":{"start":{"line":259,"column":8},"end":{"line":259,"column":45}},"138":{"start":{"line":260,"column":23},"end":{"line":260,"column":46}},"139":{"start":{"line":261,"column":28},"end":{"line":261,"column":69}},"140":{"start":{"line":262,"column":8},"end":{"line":268,"column":26}},"141":{"start":{"line":274,"column":19},"end":{"line":274,"column":21}},"142":{"start":{"line":275,"column":6},"end":{"line":275,"column":60}},"143":{"start":{"line":275,"column":34},"end":{"line":275,"column":57}},"144":{"start":{"line":276,"column":6},"end":{"line":276,"column":20}},"145":{"start":{"line":286,"column":25},"end":{"line":286,"column":39}},"146":{"start":{"line":287,"column":6},"end":{"line":287,"column":74}},"147":{"start":{"line":287,"column":83},"end":{"line":287,"column":110}},"148":{"start":{"line":287,"column":123},"end":{"line":287,"column":154}},"149":{"start":{"line":288,"column":20},"end":{"line":288,"column":60}},"150":{"start":{"line":289,"column":6},"end":{"line":289,"column":21}},"151":{"start":{"line":298,"column":6},"end":{"line":298,"column":56}},"152":{"start":{"line":310,"column":21},"end":{"line":310,"column":84}},"153":{"start":{"line":311,"column":27},"end":{"line":311,"column":29}},"154":{"start":{"line":312,"column":6},"end":{"line":312,"column":76}},"155":{"start":{"line":312,"column":50},"end":{"line":312,"column":73}},"156":{"start":{"line":313,"column":22},"end":{"line":313,"column":56}},"157":{"start":{"line":314,"column":17},"end":{"line":314,"column":25}},"158":{"start":{"line":315,"column":6},"end":{"line":320,"column":7}},"159":{"start":{"line":316,"column":8},"end":{"line":318,"column":9}},"160":{"start":{"line":317,"column":10},"end":{"line":317,"column":26}},"161":{"start":{"line":319,"column":8},"end":{"line":319,"column":31}},"162":{"start":{"line":321,"column":19},"end":{"line":321,"column":80}},"163":{"start":{"line":321,"column":54},"end":{"line":321,"column":78}},"164":{"start":{"line":322,"column":6},"end":{"line":324,"column":7}},"165":{"start":{"line":323,"column":8},"end":{"line":323,"column":20}},"166":{"start":{"line":325,"column":6},"end":{"line":325,"column":22}},"167":{"start":{"line":345,"column":6},"end":{"line":347,"column":7}},"168":{"start":{"line":346,"column":8},"end":{"line":346,"column":64}},"169":{"start":{"line":348,"column":27},"end":{"line":348,"column":54}},"170":{"start":{"line":349,"column":27},"end":{"line":351,"column":54}},"171":{"start":{"line":350,"column":28},"end":{"line":350,"column":87}},"172":{"start":{"line":351,"column":25},"end":{"line":351,"column":52}},"173":{"start":{"line":352,"column":23},"end":{"line":352,"column":69}},"174":{"start":{"line":353,"column":27},"end":{"line":353,"column":192}},"175":{"start":{"line":353,"column":81},"end":{"line":353,"column":178}},"176":{"start":{"line":353,"column":132},"end":{"line":353,"column":175}},"177":{"start":{"line":354,"column":6},"end":{"line":354,"column":47}},"178":{"start":{"line":368,"column":45},"end":{"line":368,"column":174}},"179":{"start":{"line":368,"column":98},"end":{"line":368,"column":172}},"180":{"start":{"line":369,"column":28},"end":{"line":369,"column":59}},"181":{"start":{"line":370,"column":6},"end":{"line":375,"column":7}},"182":{"start":{"line":371,"column":28},"end":{"line":371,"column":47}},"183":{"start":{"line":372,"column":8},"end":{"line":372,"column":46}},"184":{"start":{"line":373,"column":8},"end":{"line":373,"column":102}},"185":{"start":{"line":374,"column":8},"end":{"line":374,"column":43}},"186":{"start":{"line":376,"column":28},"end":{"line":376,"column":47}},"187":{"start":{"line":377,"column":6},"end":{"line":377,"column":46}},"188":{"start":{"line":378,"column":6},"end":{"line":378,"column":112}},"189":{"start":{"line":379,"column":6},"end":{"line":379,"column":43}},"190":{"start":{"line":396,"column":30},"end":{"line":396,"column":68}},"191":{"start":{"line":397,"column":18},"end":{"line":397,"column":43}},"192":{"start":{"line":398,"column":22},"end":{"line":398,"column":82}},"193":{"start":{"line":399,"column":6},"end":{"line":455,"column":9}},"194":{"start":{"line":400,"column":31},"end":{"line":400,"column":49}},"195":{"start":{"line":400,"column":62},"end":{"line":400,"column":72}},"196":{"start":{"line":400,"column":91},"end":{"line":400,"column":104}},"197":{"start":{"line":401,"column":30},"end":{"line":401,"column":64}},"198":{"start":{"line":402,"column":27},"end":{"line":402,"column":123}},"199":{"start":{"line":403,"column":32},"end":{"line":403,"column":77}},"200":{"start":{"line":404,"column":8},"end":{"line":454,"column":9}},"201":{"start":{"line":405,"column":28},"end":{"line":405,"column":59}},"202":{"start":{"line":406,"column":30},"end":{"line":406,"column":88}},"203":{"start":{"line":407,"column":10},"end":{"line":413,"column":11}},"204":{"start":{"line":407,"column":51},"end":{"line":408,"column":29}},"205":{"start":{"line":408,"column":34},"end":{"line":408,"column":51}},"206":{"start":{"line":408,"column":68},"end":{"line":408,"column":85}},"207":{"start":{"line":409,"column":12},"end":{"line":409,"column":47}},"208":{"start":{"line":410,"column":12},"end":{"line":410,"column":68}},"209":{"start":{"line":412,"column":12},"end":{"line":412,"column":45}},"210":{"start":{"line":414,"column":10},"end":{"line":414,"column":43}},"211":{"start":{"line":415,"column":15},"end":{"line":454,"column":9}},"212":{"start":{"line":416,"column":29},"end":{"line":416,"column":60}},"213":{"start":{"line":417,"column":32},"end":{"line":417,"column":91}},"214":{"start":{"line":418,"column":31},"end":{"line":418,"column":92}},"215":{"start":{"line":419,"column":29},"end":{"line":419,"column":47}},"216":{"start":{"line":420,"column":10},"end":{"line":424,"column":11}},"217":{"start":{"line":420,"column":54},"end":{"line":421,"column":31}},"218":{"start":{"line":421,"column":37},"end":{"line":421,"column":55}},"219":{"start":{"line":421,"column":73},"end":{"line":421,"column":91}},"220":{"start":{"line":422,"column":12},"end":{"line":422,"column":48}},"221":{"start":{"line":423,"column":12},"end":{"line":423,"column":70}},"222":{"start":{"line":425,"column":10},"end":{"line":425,"column":39}},"223":{"start":{"line":426,"column":10},"end":{"line":426,"column":37}},"224":{"start":{"line":427,"column":10},"end":{"line":427,"column":51}},"225":{"start":{"line":428,"column":15},"end":{"line":454,"column":9}},"226":{"start":{"line":429,"column":32},"end":{"line":429,"column":93}},"227":{"start":{"line":430,"column":30},"end":{"line":430,"column":95}},"228":{"start":{"line":431,"column":10},"end":{"line":433,"column":11}},"229":{"start":{"line":432,"column":12},"end":{"line":432,"column":42}},"230":{"start":{"line":434,"column":10},"end":{"line":434,"column":43}},"231":{"start":{"line":435,"column":10},"end":{"line":435,"column":51}},"232":{"start":{"line":436,"column":15},"end":{"line":454,"column":9}},"233":{"start":{"line":437,"column":10},"end":{"line":437,"column":43}},"234":{"start":{"line":438,"column":10},"end":{"line":438,"column":51}},"235":{"start":{"line":439,"column":15},"end":{"line":454,"column":9}},"236":{"start":{"line":440,"column":30},"end":{"line":440,"column":61}},"237":{"start":{"line":441,"column":32},"end":{"line":441,"column":92}},"238":{"start":{"line":442,"column":33},"end":{"line":442,"column":94}},"239":{"start":{"line":443,"column":30},"end":{"line":443,"column":48}},"240":{"start":{"line":444,"column":10},"end":{"line":448,"column":11}},"241":{"start":{"line":444,"column":54},"end":{"line":445,"column":31}},"242":{"start":{"line":445,"column":37},"end":{"line":445,"column":55}},"243":{"start":{"line":445,"column":74},"end":{"line":445,"column":92}},"244":{"start":{"line":446,"column":12},"end":{"line":446,"column":49}},"245":{"start":{"line":447,"column":12},"end":{"line":447,"column":72}},"246":{"start":{"line":449,"column":10},"end":{"line":449,"column":41}},"247":{"start":{"line":450,"column":10},"end":{"line":450,"column":38}},"248":{"start":{"line":451,"column":10},"end":{"line":451,"column":26}},"249":{"start":{"line":453,"column":10},"end":{"line":453,"column":47}},"250":{"start":{"line":456,"column":6},"end":{"line":456,"column":58}},"251":{"start":{"line":457,"column":10},"end":{"line":457,"column":31}},"252":{"start":{"line":457,"column":35},"end":{"line":457,"column":67}}},"fnMap":{"0":{"name":"getTextAttributesAtCursor","decl":{"start":{"line":23,"column":9},"end":{"line":23,"column":34}},"loc":{"start":{"line":23,"column":58},"end":{"line":36,"column":1}},"line":23},"1":{"name":"(anonymous_1)","decl":{"start":{"line":25,"column":37},"end":{"line":25,"column":38}},"loc":{"start":{"line":25,"column":51},"end":{"line":31,"column":3}},"line":25},"2":{"name":"getLineType","decl":{"start":{"line":38,"column":9},"end":{"line":38,"column":20}},"loc":{"start":{"line":38,"column":37},"end":{"line":40,"column":1}},"line":38},"3":{"name":"extractTextFromDelta","decl":{"start":{"line":42,"column":9},"end":{"line":42,"column":29}},"loc":{"start":{"line":42,"column":37},"end":{"line":44,"column":1}},"line":42},"4":{"name":"(anonymous_4)","decl":{"start":{"line":43,"column":26},"end":{"line":43,"column":27}},"loc":{"start":{"line":43,"column":47},"end":{"line":43,"column":114}},"line":43},"5":{"name":"getHeadingCharactersFromType","decl":{"start":{"line":69,"column":9},"end":{"line":69,"column":37}},"loc":{"start":{"line":69,"column":55},"end":{"line":76,"column":1}},"line":69},"6":{"name":"getHeadingRegexFromType","decl":{"start":{"line":78,"column":9},"end":{"line":78,"column":32}},"loc":{"start":{"line":78,"column":43},"end":{"line":83,"column":1}},"line":78},"7":{"name":"isLineTypeTextLengthModifier","decl":{"start":{"line":85,"column":9},"end":{"line":85,"column":37}},"loc":{"start":{"line":85,"column":48},"end":{"line":87,"column":1}},"line":85},"8":{"name":"shouldLineTypePropagateToNextLine","decl":{"start":{"line":89,"column":9},"end":{"line":89,"column":42}},"loc":{"start":{"line":89,"column":53},"end":{"line":91,"column":1}},"line":89},"9":{"name":"isLineInSelection","decl":{"start":{"line":93,"column":9},"end":{"line":93,"column":26}},"loc":{"start":{"line":93,"column":44},"end":{"line":96,"column":1}},"line":93},"10":{"name":"(anonymous_10)","decl":{"start":{"line":98,"column":20},"end":{"line":98,"column":21}},"loc":{"start":{"line":98,"column":50},"end":{"line":98,"column":242}},"line":98},"11":{"name":"(anonymous_11)","decl":{"start":{"line":109,"column":16},"end":{"line":109,"column":17}},"loc":{"start":{"line":109,"column":28},"end":{"line":457,"column":32}},"line":109},"12":{"name":"get","decl":{"start":{"line":109,"column":100},"end":{"line":109,"column":103}},"loc":{"start":{"line":111,"column":4},"end":{"line":113,"column":5}},"line":111},"13":{"name":"DocumentDelta","decl":{"start":{"line":117,"column":11},"end":{"line":117,"column":24}},"loc":{"start":{"line":117,"column":30},"end":{"line":119,"column":3}},"line":117},"14":{"name":"getLineDelimiterForType","decl":{"start":{"line":119,"column":96},"end":{"line":119,"column":119}},"loc":{"start":{"line":121,"column":14},"end":{"line":126,"column":5}},"line":121},"15":{"name":"normalize","decl":{"start":{"line":126,"column":45},"end":{"line":126,"column":54}},"loc":{"start":{"line":128,"column":15},"end":{"line":152,"column":5}},"line":128},"16":{"name":"(anonymous_16)","decl":{"start":{"line":129,"column":52},"end":{"line":129,"column":53}},"loc":{"start":{"line":129,"column":68},"end":{"line":149,"column":7}},"line":129},"17":{"name":"retain","decl":{"start":{"line":152,"column":42},"end":{"line":152,"column":48}},"loc":{"start":{"line":154,"column":24},"end":{"line":156,"column":5}},"line":154},"18":{"name":"compose","decl":{"start":{"line":156,"column":43},"end":{"line":156,"column":50}},"loc":{"start":{"line":158,"column":11},"end":{"line":160,"column":5}},"line":158},"19":{"name":"slice","decl":{"start":{"line":160,"column":41},"end":{"line":160,"column":46}},"loc":{"start":{"line":162,"column":16},"end":{"line":164,"column":5}},"line":162},"20":{"name":"getText","decl":{"start":{"line":164,"column":43},"end":{"line":164,"column":50}},"loc":{"start":{"line":166,"column":4},"end":{"line":168,"column":5}},"line":166},"21":{"name":"getSelectionEncompassingLines","decl":{"start":{"line":168,"column":65},"end":{"line":168,"column":94}},"loc":{"start":{"line":175,"column":15},"end":{"line":190,"column":5}},"line":175},"22":{"name":"(anonymous_22)","decl":{"start":{"line":179,"column":26},"end":{"line":179,"column":27}},"loc":{"start":{"line":179,"column":45},"end":{"line":188,"column":7}},"line":179},"23":{"name":"getDeltasFromTextDiff","decl":{"start":{"line":190,"column":57},"end":{"line":190,"column":78}},"loc":{"start":{"line":192,"column":31},"end":{"line":243,"column":5}},"line":192},"24":{"name":"length","decl":{"start":{"line":243,"column":42},"end":{"line":243,"column":48}},"loc":{"start":{"line":245,"column":4},"end":{"line":247,"column":5}},"line":245},"25":{"name":"concat","decl":{"start":{"line":247,"column":42},"end":{"line":247,"column":48}},"loc":{"start":{"line":249,"column":11},"end":{"line":251,"column":5}},"line":249},"26":{"name":"eachLine","decl":{"start":{"line":251,"column":44},"end":{"line":251,"column":52}},"loc":{"start":{"line":253,"column":15},"end":{"line":271,"column":5}},"line":253},"27":{"name":"(anonymous_27)","decl":{"start":{"line":256,"column":26},"end":{"line":256,"column":27}},"loc":{"start":{"line":256,"column":62},"end":{"line":270,"column":7}},"line":256},"28":{"name":"mapLines","decl":{"start":{"line":271,"column":44},"end":{"line":271,"column":52}},"loc":{"start":{"line":273,"column":12},"end":{"line":277,"column":5}},"line":273},"29":{"name":"(anonymous_29)","decl":{"start":{"line":275,"column":20},"end":{"line":275,"column":21}},"loc":{"start":{"line":275,"column":33},"end":{"line":275,"column":58}},"line":275},"30":{"name":"applyTextDiff","decl":{"start":{"line":277,"column":49},"end":{"line":277,"column":62}},"loc":{"start":{"line":285,"column":32},"end":{"line":290,"column":5}},"line":285},"31":{"name":"getSelected","decl":{"start":{"line":290,"column":47},"end":{"line":290,"column":58}},"loc":{"start":{"line":297,"column":15},"end":{"line":299,"column":5}},"line":297},"32":{"name":"getLineTypeInSelection","decl":{"start":{"line":299,"column":58},"end":{"line":299,"column":80}},"loc":{"start":{"line":309,"column":15},"end":{"line":326,"column":5}},"line":309},"33":{"name":"(anonymous_33)","decl":{"start":{"line":312,"column":30},"end":{"line":312,"column":31}},"loc":{"start":{"line":312,"column":49},"end":{"line":312,"column":74}},"line":312},"34":{"name":"(anonymous_34)","decl":{"start":{"line":321,"column":40},"end":{"line":321,"column":41}},"loc":{"start":{"line":321,"column":53},"end":{"line":321,"column":79}},"line":321},"35":{"name":"getSelectedTextAttributes","decl":{"start":{"line":326,"column":61},"end":{"line":326,"column":86}},"loc":{"start":{"line":344,"column":15},"end":{"line":355,"column":5}},"line":344},"36":{"name":"(anonymous_36)","decl":{"start":{"line":350,"column":13},"end":{"line":350,"column":14}},"loc":{"start":{"line":350,"column":27},"end":{"line":350,"column":88}},"line":350},"37":{"name":"(anonymous_37)","decl":{"start":{"line":351,"column":10},"end":{"line":351,"column":11}},"loc":{"start":{"line":351,"column":24},"end":{"line":351,"column":53}},"line":351},"38":{"name":"(anonymous_38)","decl":{"start":{"line":353,"column":48},"end":{"line":353,"column":49}},"loc":{"start":{"line":353,"column":80},"end":{"line":353,"column":179}},"line":353},"39":{"name":"(anonymous_39)","decl":{"start":{"line":353,"column":109},"end":{"line":353,"column":110}},"loc":{"start":{"line":353,"column":131},"end":{"line":353,"column":176}},"line":353},"40":{"name":"applyTextTransformToSelection","decl":{"start":{"line":355,"column":65},"end":{"line":355,"column":94}},"loc":{"start":{"line":367,"column":46},"end":{"line":380,"column":5}},"line":367},"41":{"name":"(anonymous_41)","decl":{"start":{"line":368,"column":83},"end":{"line":368,"column":84}},"loc":{"start":{"line":368,"column":97},"end":{"line":368,"column":173}},"line":368},"42":{"name":"applyLineTypeToSelection","decl":{"start":{"line":380,"column":60},"end":{"line":380,"column":84}},"loc":{"start":{"line":395,"column":29},"end":{"line":457,"column":5}},"line":395},"43":{"name":"(anonymous_43)","decl":{"start":{"line":399,"column":20},"end":{"line":399,"column":21}},"loc":{"start":{"line":399,"column":36},"end":{"line":455,"column":7}},"line":399}},"branchMap":{"0":{"loc":{"start":{"line":28,"column":16},"end":{"line":28,"column":76}},"type":"binary-expr","locations":[{"start":{"line":28,"column":16},"end":{"line":28,"column":44}},{"start":{"line":28,"column":48},"end":{"line":28,"column":76}}],"line":28},"1":{"loc":{"start":{"line":32,"column":2},"end":{"line":34,"column":3}},"type":"if","locations":[{"start":{"line":32,"column":2},"end":{"line":34,"column":3}},{"start":{"line":32,"column":2},"end":{"line":34,"column":3}}],"line":32},"2":{"loc":{"start":{"line":35,"column":9},"end":{"line":35,"column":54}},"type":"binary-expr","locations":[{"start":{"line":35,"column":9},"end":{"line":35,"column":48}},{"start":{"line":35,"column":52},"end":{"line":35,"column":54}}],"line":35},"3":{"loc":{"start":{"line":39,"column":9},"end":{"line":39,"column":81}},"type":"cond-expr","locations":[{"start":{"line":39,"column":50},"end":{"line":39,"column":70}},{"start":{"line":39,"column":73},"end":{"line":39,"column":81}}],"line":39},"4":{"loc":{"start":{"line":39,"column":9},"end":{"line":39,"column":47}},"type":"binary-expr","locations":[{"start":{"line":39,"column":9},"end":{"line":39,"column":23}},{"start":{"line":39,"column":27},"end":{"line":39,"column":47}}],"line":39},"5":{"loc":{"start":{"line":43,"column":55},"end":{"line":43,"column":112}},"type":"cond-expr","locations":[{"start":{"line":43,"column":89},"end":{"line":43,"column":106}},{"start":{"line":43,"column":109},"end":{"line":43,"column":112}}],"line":43},"6":{"loc":{"start":{"line":70,"column":2},"end":{"line":74,"column":23}},"type":"switch","locations":[{"start":{"line":71,"column":4},"end":{"line":71,"column":39}},{"start":{"line":72,"column":4},"end":{"line":72,"column":27}},{"start":{"line":73,"column":4},"end":{"line":73,"column":30}},{"start":{"line":74,"column":4},"end":{"line":74,"column":22}}],"line":70},"7":{"loc":{"start":{"line":79,"column":2},"end":{"line":81,"column":3}},"type":"if","locations":[{"start":{"line":79,"column":2},"end":{"line":81,"column":3}},{"start":{"line":79,"column":2},"end":{"line":81,"column":3}}],"line":79},"8":{"loc":{"start":{"line":86,"column":9},"end":{"line":86,"column":47}},"type":"binary-expr","locations":[{"start":{"line":86,"column":9},"end":{"line":86,"column":26}},{"start":{"line":86,"column":30},"end":{"line":86,"column":47}}],"line":86},"9":{"loc":{"start":{"line":90,"column":9},"end":{"line":90,"column":47}},"type":"binary-expr","locations":[{"start":{"line":90,"column":9},"end":{"line":90,"column":26}},{"start":{"line":90,"column":30},"end":{"line":90,"column":47}}],"line":90},"10":{"loc":{"start":{"line":94,"column":9},"end":{"line":95,"column":76}},"type":"binary-expr","locations":[{"start":{"line":94,"column":9},"end":{"line":94,"column":48}},{"start":{"line":94,"column":52},"end":{"line":94,"column":85}},{"start":{"line":95,"column":2},"end":{"line":95,"column":35}},{"start":{"line":95,"column":39},"end":{"line":95,"column":76}}],"line":94},"11":{"loc":{"start":{"line":98,"column":244},"end":{"line":98,"column":291}},"type":"binary-expr","locations":[{"start":{"line":98,"column":244},"end":{"line":98,"column":262}},{"start":{"line":98,"column":267},"end":{"line":98,"column":290}}],"line":98},"12":{"loc":{"start":{"line":118,"column":17},"end":{"line":118,"column":113}},"type":"cond-expr","locations":[{"start":{"line":118,"column":48},"end":{"line":118,"column":82}},{"start":{"line":118,"column":85},"end":{"line":118,"column":113}}],"line":118},"13":{"loc":{"start":{"line":122,"column":6},"end":{"line":124,"column":7}},"type":"if","locations":[{"start":{"line":122,"column":6},"end":{"line":124,"column":7}},{"start":{"line":122,"column":6},"end":{"line":124,"column":7}}],"line":122},"14":{"loc":{"start":{"line":132,"column":8},"end":{"line":147,"column":9}},"type":"if","locations":[{"start":{"line":132,"column":8},"end":{"line":147,"column":9}},{"start":{"line":132,"column":8},"end":{"line":147,"column":9}}],"line":132},"15":{"loc":{"start":{"line":134,"column":10},"end":{"line":146,"column":11}},"type":"if","locations":[{"start":{"line":134,"column":10},"end":{"line":146,"column":11}},{"start":{"line":134,"column":10},"end":{"line":146,"column":11}}],"line":134},"16":{"loc":{"start":{"line":135,"column":12},"end":{"line":137,"column":13}},"type":"if","locations":[{"start":{"line":135,"column":12},"end":{"line":137,"column":13}},{"start":{"line":135,"column":12},"end":{"line":137,"column":13}}],"line":135},"17":{"loc":{"start":{"line":135,"column":16},"end":{"line":135,"column":124}},"type":"binary-expr","locations":[{"start":{"line":135,"column":16},"end":{"line":135,"column":77}},{"start":{"line":135,"column":81},"end":{"line":135,"column":124}}],"line":135},"18":{"loc":{"start":{"line":138,"column":12},"end":{"line":145,"column":13}},"type":"if","locations":[{"start":{"line":138,"column":12},"end":{"line":145,"column":13}},{"start":{"line":138,"column":12},"end":{"line":145,"column":13}}],"line":138},"19":{"loc":{"start":{"line":140,"column":14},"end":{"line":144,"column":15}},"type":"if","locations":[{"start":{"line":140,"column":14},"end":{"line":144,"column":15}},{"start":{"line":140,"column":14},"end":{"line":144,"column":15}}],"line":140},"20":{"loc":{"start":{"line":140,"column":18},"end":{"line":140,"column":93}},"type":"binary-expr","locations":[{"start":{"line":140,"column":18},"end":{"line":140,"column":43}},{"start":{"line":140,"column":47},"end":{"line":140,"column":93}}],"line":140},"21":{"loc":{"start":{"line":159,"column":50},"end":{"line":159,"column":108}},"type":"cond-expr","locations":[{"start":{"line":159,"column":89},"end":{"line":159,"column":94}},{"start":{"line":159,"column":97},"end":{"line":159,"column":108}}],"line":159},"22":{"loc":{"start":{"line":180,"column":8},"end":{"line":182,"column":9}},"type":"if","locations":[{"start":{"line":180,"column":8},"end":{"line":182,"column":9}},{"start":{"line":180,"column":8},"end":{"line":182,"column":9}}],"line":180},"23":{"loc":{"start":{"line":184,"column":8},"end":{"line":187,"column":9}},"type":"if","locations":[{"start":{"line":184,"column":8},"end":{"line":187,"column":9}},{"start":{"line":184,"column":8},"end":{"line":187,"column":9}}],"line":184},"24":{"loc":{"start":{"line":184,"column":12},"end":{"line":184,"column":68}},"type":"binary-expr","locations":[{"start":{"line":184,"column":12},"end":{"line":184,"column":45}},{"start":{"line":184,"column":49},"end":{"line":184,"column":68}}],"line":184},"25":{"loc":{"start":{"line":195,"column":27},"end":{"line":195,"column":99}},"type":"cond-expr","locations":[{"start":{"line":195,"column":63},"end":{"line":195,"column":65}},{"start":{"line":195,"column":68},"end":{"line":195,"column":99}}],"line":195},"26":{"loc":{"start":{"line":197,"column":31},"end":{"line":197,"column":124}},"type":"binary-expr","locations":[{"start":{"line":197,"column":31},"end":{"line":197,"column":102}},{"start":{"line":197,"column":106},"end":{"line":197,"column":124}}],"line":197},"27":{"loc":{"start":{"line":198,"column":30},"end":{"line":198,"column":123}},"type":"binary-expr","locations":[{"start":{"line":198,"column":30},"end":{"line":198,"column":100}},{"start":{"line":198,"column":104},"end":{"line":198,"column":123}}],"line":198},"28":{"loc":{"start":{"line":201,"column":6},"end":{"line":241,"column":7}},"type":"if","locations":[{"start":{"line":201,"column":6},"end":{"line":241,"column":7}},{"start":{"line":201,"column":6},"end":{"line":241,"column":7}}],"line":201},"29":{"loc":{"start":{"line":201,"column":10},"end":{"line":201,"column":49}},"type":"binary-expr","locations":[{"start":{"line":201,"column":10},"end":{"line":201,"column":27}},{"start":{"line":201,"column":31},"end":{"line":201,"column":49}}],"line":201},"30":{"loc":{"start":{"line":207,"column":8},"end":{"line":223,"column":9}},"type":"if","locations":[{"start":{"line":207,"column":8},"end":{"line":223,"column":9}},{"start":{"line":207,"column":8},"end":{"line":223,"column":9}}],"line":207},"31":{"loc":{"start":{"line":209,"column":10},"end":{"line":218,"column":11}},"type":"if","locations":[{"start":{"line":209,"column":10},"end":{"line":218,"column":11}},{"start":{"line":209,"column":10},"end":{"line":218,"column":11}}],"line":209},"32":{"loc":{"start":{"line":210,"column":12},"end":{"line":217,"column":13}},"type":"if","locations":[{"start":{"line":210,"column":12},"end":{"line":217,"column":13}},{"start":{"line":210,"column":12},"end":{"line":217,"column":13}}],"line":210},"33":{"loc":{"start":{"line":220,"column":29},"end":{"line":220,"column":74}},"type":"cond-expr","locations":[{"start":{"line":220,"column":55},"end":{"line":220,"column":69}},{"start":{"line":220,"column":72},"end":{"line":220,"column":74}}],"line":220},"34":{"loc":{"start":{"line":224,"column":13},"end":{"line":241,"column":7}},"type":"if","locations":[{"start":{"line":224,"column":13},"end":{"line":241,"column":7}},{"start":{"line":224,"column":13},"end":{"line":241,"column":7}}],"line":224},"35":{"loc":{"start":{"line":227,"column":42},"end":{"line":227,"column":156}},"type":"binary-expr","locations":[{"start":{"line":227,"column":42},"end":{"line":227,"column":72}},{"start":{"line":227,"column":76},"end":{"line":227,"column":156}}],"line":227},"36":{"loc":{"start":{"line":228,"column":8},"end":{"line":240,"column":9}},"type":"if","locations":[{"start":{"line":228,"column":8},"end":{"line":240,"column":9}},{"start":{"line":228,"column":8},"end":{"line":240,"column":9}}],"line":228},"37":{"loc":{"start":{"line":250,"column":49},"end":{"line":250,"column":101}},"type":"cond-expr","locations":[{"start":{"line":250,"column":82},"end":{"line":250,"column":93}},{"start":{"line":250,"column":96},"end":{"line":250,"column":101}}],"line":250},"38":{"loc":{"start":{"line":315,"column":6},"end":{"line":320,"column":7}},"type":"if","locations":[{"start":{"line":315,"column":6},"end":{"line":320,"column":7}},{"start":{"line":315,"column":6},"end":{"line":320,"column":7}}],"line":315},"39":{"loc":{"start":{"line":316,"column":8},"end":{"line":318,"column":9}},"type":"if","locations":[{"start":{"line":316,"column":8},"end":{"line":318,"column":9}},{"start":{"line":316,"column":8},"end":{"line":318,"column":9}}],"line":316},"40":{"loc":{"start":{"line":322,"column":6},"end":{"line":324,"column":7}},"type":"if","locations":[{"start":{"line":322,"column":6},"end":{"line":324,"column":7}},{"start":{"line":322,"column":6},"end":{"line":324,"column":7}}],"line":322},"41":{"loc":{"start":{"line":345,"column":6},"end":{"line":347,"column":7}},"type":"if","locations":[{"start":{"line":345,"column":6},"end":{"line":347,"column":7}},{"start":{"line":345,"column":6},"end":{"line":347,"column":7}}],"line":345},"42":{"loc":{"start":{"line":350,"column":35},"end":{"line":350,"column":86}},"type":"binary-expr","locations":[{"start":{"line":350,"column":35},"end":{"line":350,"column":64}},{"start":{"line":350,"column":68},"end":{"line":350,"column":86}}],"line":350},"43":{"loc":{"start":{"line":351,"column":32},"end":{"line":351,"column":51}},"type":"binary-expr","locations":[{"start":{"line":351,"column":32},"end":{"line":351,"column":45}},{"start":{"line":351,"column":49},"end":{"line":351,"column":51}}],"line":351},"44":{"loc":{"start":{"line":368,"column":105},"end":{"line":368,"column":171}},"type":"binary-expr","locations":[{"start":{"line":368,"column":105},"end":{"line":368,"column":120}},{"start":{"line":368,"column":124},"end":{"line":368,"column":171}}],"line":368},"45":{"loc":{"start":{"line":370,"column":6},"end":{"line":375,"column":7}},"type":"if","locations":[{"start":{"line":370,"column":6},"end":{"line":375,"column":7}},{"start":{"line":370,"column":6},"end":{"line":375,"column":7}}],"line":370},"46":{"loc":{"start":{"line":402,"column":27},"end":{"line":402,"column":123}},"type":"cond-expr","locations":[{"start":{"line":402,"column":45},"end":{"line":402,"column":105}},{"start":{"line":402,"column":108},"end":{"line":402,"column":123}}],"line":402},"47":{"loc":{"start":{"line":402,"column":45},"end":{"line":402,"column":105}},"type":"cond-expr","locations":[{"start":{"line":402,"column":82},"end":{"line":402,"column":94}},{"start":{"line":402,"column":97},"end":{"line":402,"column":105}}],"line":402},"48":{"loc":{"start":{"line":404,"column":8},"end":{"line":454,"column":9}},"type":"if","locations":[{"start":{"line":404,"column":8},"end":{"line":454,"column":9}},{"start":{"line":404,"column":8},"end":{"line":454,"column":9}}],"line":404},"49":{"loc":{"start":{"line":404,"column":12},"end":{"line":404,"column":105}},"type":"binary-expr","locations":[{"start":{"line":404,"column":12},"end":{"line":404,"column":27}},{"start":{"line":404,"column":31},"end":{"line":404,"column":76}},{"start":{"line":404,"column":80},"end":{"line":404,"column":105}}],"line":404},"50":{"loc":{"start":{"line":407,"column":10},"end":{"line":413,"column":11}},"type":"if","locations":[{"start":{"line":407,"column":10},"end":{"line":413,"column":11}},{"start":{"line":407,"column":10},"end":{"line":413,"column":11}}],"line":407},"51":{"loc":{"start":{"line":415,"column":15},"end":{"line":454,"column":9}},"type":"if","locations":[{"start":{"line":415,"column":15},"end":{"line":454,"column":9}},{"start":{"line":415,"column":15},"end":{"line":454,"column":9}}],"line":415},"52":{"loc":{"start":{"line":415,"column":19},"end":{"line":415,"column":129}},"type":"binary-expr","locations":[{"start":{"line":415,"column":19},"end":{"line":415,"column":34}},{"start":{"line":415,"column":38},"end":{"line":415,"column":83}},{"start":{"line":415,"column":87},"end":{"line":415,"column":129}}],"line":415},"53":{"loc":{"start":{"line":420,"column":10},"end":{"line":424,"column":11}},"type":"if","locations":[{"start":{"line":420,"column":10},"end":{"line":424,"column":11}},{"start":{"line":420,"column":10},"end":{"line":424,"column":11}}],"line":420},"54":{"loc":{"start":{"line":428,"column":15},"end":{"line":454,"column":9}},"type":"if","locations":[{"start":{"line":428,"column":15},"end":{"line":454,"column":9}},{"start":{"line":428,"column":15},"end":{"line":454,"column":9}}],"line":428},"55":{"loc":{"start":{"line":428,"column":19},"end":{"line":428,"column":80}},"type":"binary-expr","locations":[{"start":{"line":428,"column":19},"end":{"line":428,"column":34}},{"start":{"line":428,"column":38},"end":{"line":428,"column":80}}],"line":428},"56":{"loc":{"start":{"line":431,"column":10},"end":{"line":433,"column":11}},"type":"if","locations":[{"start":{"line":431,"column":10},"end":{"line":433,"column":11}},{"start":{"line":431,"column":10},"end":{"line":433,"column":11}}],"line":431},"57":{"loc":{"start":{"line":436,"column":15},"end":{"line":454,"column":9}},"type":"if","locations":[{"start":{"line":436,"column":15},"end":{"line":454,"column":9}},{"start":{"line":436,"column":15},"end":{"line":454,"column":9}}],"line":436},"58":{"loc":{"start":{"line":436,"column":19},"end":{"line":436,"column":63}},"type":"binary-expr","locations":[{"start":{"line":436,"column":19},"end":{"line":436,"column":34}},{"start":{"line":436,"column":38},"end":{"line":436,"column":63}}],"line":436},"59":{"loc":{"start":{"line":439,"column":15},"end":{"line":454,"column":9}},"type":"if","locations":[{"start":{"line":439,"column":15},"end":{"line":454,"column":9}},{"start":{"line":439,"column":15},"end":{"line":454,"column":9}}],"line":439},"60":{"loc":{"start":{"line":439,"column":19},"end":{"line":439,"column":145}},"type":"binary-expr","locations":[{"start":{"line":439,"column":19},"end":{"line":439,"column":35}},{"start":{"line":439,"column":39},"end":{"line":439,"column":63}},{"start":{"line":439,"column":67},"end":{"line":439,"column":99}},{"start":{"line":439,"column":103},"end":{"line":439,"column":145}}],"line":439},"61":{"loc":{"start":{"line":444,"column":10},"end":{"line":448,"column":11}},"type":"if","locations":[{"start":{"line":444,"column":10},"end":{"line":448,"column":11}},{"start":{"line":444,"column":10},"end":{"line":448,"column":11}}],"line":444}},"s":{"0":1,"1":1,"2":1,"3":1,"4":1,"5":1,"6":1,"7":1,"8":1,"9":1,"10":1,"11":1,"12":1,"13":1,"14":1,"15":1,"16":1,"17":1,"18":1,"19":1,"20":1,"21":1,"22":1,"23":1,"24":1,"25":1,"26":7,"27":7,"28":7,"29":7,"30":7,"31":7,"32":7,"33":7,"34":0,"35":7,"36":57,"37":32,"38":36,"39":65,"40":37,"41":13,"42":0,"43":15,"44":10,"45":9,"46":1,"47":71,"48":12,"49":47,"50":47,"51":47,"52":1,"53":1,"54":1,"55":1,"56":1,"57":37,"58":135,"59":135,"60":1,"61":19,"62":13,"63":6,"64":12,"65":12,"66":19,"67":19,"68":19,"69":19,"70":19,"71":19,"72":8,"73":8,"74":4,"75":2,"76":2,"77":2,"78":2,"79":0,"80":0,"81":0,"82":17,"83":12,"84":8,"85":16,"86":42,"87":12,"88":30,"89":30,"90":30,"91":30,"92":63,"93":36,"94":63,"95":63,"96":17,"97":17,"98":30,"99":12,"100":12,"101":12,"102":12,"103":12,"104":12,"105":12,"106":12,"107":10,"108":10,"109":10,"110":10,"111":10,"112":10,"113":4,"114":4,"115":2,"116":2,"117":4,"118":4,"119":6,"120":2,"121":2,"122":2,"123":2,"124":2,"125":0,"126":0,"127":2,"128":2,"129":12,"130":1,"131":0,"132":24,"133":24,"134":24,"135":57,"136":57,"137":57,"138":57,"139":57,"140":57,"141":14,"142":14,"143":25,"144":14,"145":12,"146":12,"147":12,"148":12,"149":12,"150":12,"151":42,"152":27,"153":27,"154":27,"155":51,"156":27,"157":27,"158":27,"159":27,"160":15,"161":12,"162":12,"163":20,"164":12,"165":9,"166":3,"167":18,"168":7,"169":11,"170":11,"171":16,"172":16,"173":11,"174":11,"175":8,"176":12,"177":11,"178":4,"179":8,"180":4,"181":4,"182":1,"183":1,"184":1,"185":1,"186":3,"187":3,"188":3,"189":3,"190":10,"191":10,"192":10,"193":10,"194":32,"195":32,"196":32,"197":32,"198":32,"199":32,"200":32,"201":6,"202":6,"203":6,"204":6,"205":6,"206":6,"207":6,"208":6,"209":0,"210":6,"211":26,"212":3,"213":3,"214":3,"215":3,"216":3,"217":3,"218":3,"219":3,"220":3,"221":3,"222":3,"223":3,"224":3,"225":23,"226":7,"227":7,"228":7,"229":7,"230":7,"231":7,"232":16,"233":8,"234":8,"235":8,"236":1,"237":1,"238":1,"239":1,"240":1,"241":1,"242":1,"243":1,"244":1,"245":1,"246":1,"247":1,"248":1,"249":7,"250":10,"251":1,"252":1},"f":{"0":7,"1":7,"2":57,"3":32,"4":36,"5":65,"6":10,"7":71,"8":12,"9":47,"10":1,"11":1,"12":37,"13":135,"14":19,"15":12,"16":19,"17":8,"18":16,"19":42,"20":12,"21":30,"22":63,"23":12,"24":1,"25":0,"26":24,"27":57,"28":14,"29":25,"30":12,"31":42,"32":27,"33":51,"34":20,"35":18,"36":16,"37":16,"38":8,"39":12,"40":4,"41":8,"42":10,"43":32},"b":{"0":[7,7],"1":[0,7],"2":[7,0],"3":[24,33],"4":[57,57],"5":[36,0],"6":[37,13,0,15],"7":[9,1],"8":[71,51],"9":[12,12],"10":[47,26,30,21],"11":[1,1],"12":[0,135],"13":[13,6],"14":[8,11],"15":[4,4],"16":[2,2],"17":[4,2],"18":[2,0],"19":[0,2],"20":[2,0],"21":[12,4],"22":[36,27],"23":[17,46],"24":[63,20],"25":[8,4],"26":[12,5],"27":[12,9],"28":[10,2],"29":[12,7],"30":[4,6],"31":[2,2],"32":[2,0],"33":[2,2],"34":[2,0],"35":[2,0],"36":[0,2],"37":[0,0],"38":[27,0],"39":[15,12],"40":[9,3],"41":[7,11],"42":[16,16],"43":[16,6],"44":[8,8],"45":[1,3],"46":[27,5],"47":[24,3],"48":[6,26],"49":[32,27,9],"50":[6,0],"51":[3,23],"52":[26,21,3],"53":[3,0],"54":[7,16],"55":[23,18],"56":[7,0],"57":[8,8],"58":[16,11],"59":[1,7],"60":[8,5,5,5],"61":[1,0]},"_coverageSchema":"43e27e138ebf9cfc5966b082cf9a028302ed4184","hash":"b4cd840ea3a311421c5c4a4bb7f4ee0ee7a62af6"}
,"/home/jsamr/Programmation/react-native-typeskill/src/delta/DocumentLineIndexGenerator.ts": {"path":"/home/jsamr/Programmation/react-native-typeskill/src/delta/DocumentLineIndexGenerator.ts","statementMap":{"0":{"start":{"line":1,"column":42},"end":{"line":1,"column":97}},"1":{"start":{"line":1,"column":98},"end":{"line":1,"column":160}},"2":{"start":{"line":1,"column":160},"end":{"line":1,"column":204}},"3":{"start":{"line":1,"column":227},"end":{"line":1,"column":299}},"4":{"start":{"line":1,"column":320},"end":{"line":1,"column":389}},"5":{"start":{"line":3,"column":29},"end":{"line":15,"column":47}},"6":{"start":{"line":3,"column":81},"end":{"line":3,"column":145}},"7":{"start":{"line":3,"column":145},"end":{"line":4,"column":33}},"8":{"start":{"line":4,"column":34},"end":{"line":15,"column":10}},"9":{"start":{"line":7,"column":6},"end":{"line":13,"column":7}},"10":{"start":{"line":8,"column":8},"end":{"line":10,"column":13}},"11":{"start":{"line":12,"column":8},"end":{"line":12,"column":42}},"12":{"start":{"line":14,"column":6},"end":{"line":14,"column":69}},"13":{"start":{"line":15,"column":10},"end":{"line":15,"column":44}},"14":{"start":{"line":15,"column":48},"end":{"line":15,"column":112}}},"fnMap":{"0":{"name":"(anonymous_0)","decl":{"start":{"line":3,"column":29},"end":{"line":3,"column":30}},"loc":{"start":{"line":3,"column":41},"end":{"line":15,"column":45}},"line":3},"1":{"name":"DocumentLineIndexGenerator","decl":{"start":{"line":3,"column":51},"end":{"line":3,"column":77}},"loc":{"start":{"line":3,"column":80},"end":{"line":4,"column":34}},"line":3},"2":{"name":"findNextLineTypeIndex","decl":{"start":{"line":4,"column":138},"end":{"line":4,"column":159}},"loc":{"start":{"line":6,"column":14},"end":{"line":15,"column":5}},"line":6}},"branchMap":{"0":{"loc":{"start":{"line":7,"column":6},"end":{"line":13,"column":7}},"type":"if","locations":[{"start":{"line":7,"column":6},"end":{"line":13,"column":7}},{"start":{"line":7,"column":6},"end":{"line":13,"column":7}}],"line":7},"1":{"loc":{"start":{"line":8,"column":37},"end":{"line":10,"column":12}},"type":"cond-expr","locations":[{"start":{"line":9,"column":8},"end":{"line":9,"column":80}},{"start":{"line":10,"column":8},"end":{"line":10,"column":12}}],"line":8},"2":{"loc":{"start":{"line":9,"column":8},"end":{"line":9,"column":80}},"type":"cond-expr","locations":[{"start":{"line":9,"column":46},"end":{"line":9,"column":47}},{"start":{"line":9,"column":50},"end":{"line":9,"column":80}}],"line":9},"3":{"loc":{"start":{"line":14,"column":13},"end":{"line":14,"column":68}},"type":"cond-expr","locations":[{"start":{"line":14,"column":33},"end":{"line":14,"column":64}},{"start":{"line":14,"column":67},"end":{"line":14,"column":68}}],"line":14},"4":{"loc":{"start":{"line":14,"column":33},"end":{"line":14,"column":64}},"type":"binary-expr","locations":[{"start":{"line":14,"column":33},"end":{"line":14,"column":59}},{"start":{"line":14,"column":63},"end":{"line":14,"column":64}}],"line":14}},"s":{"0":1,"1":1,"2":1,"3":1,"4":1,"5":1,"6":34,"7":34,"8":1,"9":89,"10":47,"11":42,"12":89,"13":1,"14":1},"f":{"0":1,"1":34,"2":89},"b":{"0":[47,42],"1":[28,19],"2":[11,17],"3":[28,61],"4":[28,11]},"_coverageSchema":"43e27e138ebf9cfc5966b082cf9a028302ed4184","hash":"d0acbe1d7de370df883e1bb80ceafe473e2791e4"}
,"/home/jsamr/Programmation/react-native-typeskill/src/delta/operations.ts": {"path":"/home/jsamr/Programmation/react-native-typeskill/src/delta/operations.ts","statementMap":{"0":{"start":{"line":1,"column":13},"end":{"line":1,"column":75}},"1":{"start":{"line":1,"column":75},"end":{"line":1,"column":103}},"2":{"start":{"line":1,"column":103},"end":{"line":1,"column":151}},"3":{"start":{"line":24,"column":2},"end":{"line":24,"column":39}},"4":{"start":{"line":28,"column":2},"end":{"line":30,"column":3}},"5":{"start":{"line":29,"column":4},"end":{"line":29,"column":21}},"6":{"start":{"line":31,"column":2},"end":{"line":36,"column":3}},"7":{"start":{"line":32,"column":4},"end":{"line":34,"column":5}},"8":{"start":{"line":33,"column":6},"end":{"line":33,"column":30}},"9":{"start":{"line":35,"column":4},"end":{"line":35,"column":13}},"10":{"start":{"line":37,"column":2},"end":{"line":39,"column":3}},"11":{"start":{"line":38,"column":4},"end":{"line":38,"column":26}},"12":{"start":{"line":40,"column":2},"end":{"line":40,"column":11}}},"fnMap":{"0":{"name":"isTextOp","decl":{"start":{"line":23,"column":9},"end":{"line":23,"column":17}},"loc":{"start":{"line":23,"column":22},"end":{"line":25,"column":1}},"line":23},"1":{"name":"getOperationLength","decl":{"start":{"line":27,"column":9},"end":{"line":27,"column":27}},"loc":{"start":{"line":27,"column":32},"end":{"line":41,"column":1}},"line":27}},"branchMap":{"0":{"loc":{"start":{"line":28,"column":2},"end":{"line":30,"column":3}},"type":"if","locations":[{"start":{"line":28,"column":2},"end":{"line":30,"column":3}},{"start":{"line":28,"column":2},"end":{"line":30,"column":3}}],"line":28},"1":{"loc":{"start":{"line":31,"column":2},"end":{"line":36,"column":3}},"type":"if","locations":[{"start":{"line":31,"column":2},"end":{"line":36,"column":3}},{"start":{"line":31,"column":2},"end":{"line":36,"column":3}}],"line":31},"2":{"loc":{"start":{"line":32,"column":4},"end":{"line":34,"column":5}},"type":"if","locations":[{"start":{"line":32,"column":4},"end":{"line":34,"column":5}},{"start":{"line":32,"column":4},"end":{"line":34,"column":5}}],"line":32},"3":{"loc":{"start":{"line":37,"column":2},"end":{"line":39,"column":3}},"type":"if","locations":[{"start":{"line":37,"column":2},"end":{"line":39,"column":3}},{"start":{"line":37,"column":2},"end":{"line":39,"column":3}}],"line":37}},"s":{"0":1,"1":1,"2":1,"3":0,"4":7,"5":0,"6":7,"7":7,"8":7,"9":0,"10":0,"11":0,"12":0},"f":{"0":0,"1":7},"b":{"0":[0,7],"1":[7,0],"2":[7,0],"3":[0,0]},"_coverageSchema":"43e27e138ebf9cfc5966b082cf9a028302ed4184","hash":"1c8d1dc561afbd21de9bbfc79b3e401bf1fb6459"}
}
